<?xml version="1.0" encoding="UTF-8"?>
<!-- Generated by org.testng.reporters.JUnitReportReporter -->
<testsuite hostname="ININTDT115547" name="com.selenium.annotations.SampleTest" tests="4" failures="0" timestamp="17 Apr 2017 09:02:28 GMT" time="0.015" errors="0">
  <testcase name="testLogin" time="0.000" classname="com.selenium.annotations.SampleTest"/>
  <testcase name="testChangePassword" time="0.000" classname="com.selenium.annotations.SampleTest"/>
  <testcase name="testLogin" time="0.015" classname="com.selenium.annotations.SampleTest"/>
  <testcase name="logout" time="0.000" classname="com.selenium.annotations.SampleTest"/>
</testsuite>
