<?xml version="1.0" encoding="UTF-8"?>
<!-- Generated by org.testng.reporters.JUnitReportReporter -->
<testsuite skipped="0" hostname="ININTDT115547" name="com.selenium.annotations.PriorityTestMethod" tests="3" failures="0" timestamp="17 Apr 2017 08:09:40 GMT" time="0.016" errors="0">
  <testcase name="logout" time="0.000" classname="com.selenium.annotations.PriorityTestMethod"/>
  <testcase name="testLogin" time="0.016" classname="com.selenium.annotations.PriorityTestMethod"/>
  <testcase name="testChangePassword" time="0.000" classname="com.selenium.annotations.PriorityTestMethod"/>
</testsuite> <!-- com.selenium.annotations.PriorityTestMethod -->
