<?xml version="1.0" encoding="UTF-8"?>
<!-- Generated by org.testng.reporters.JUnitReportReporter -->
<testsuite skipped="0" hostname="ININTDT115547" name="com.selenium.Mousehover" tests="1" failures="0" timestamp="17 Apr 2017 15:29:02 GMT" time="5.568" errors="0">
  <testcase name="test" time="5.568" classname="com.selenium.Mousehover"/>
</testsuite> <!-- com.selenium.Mousehover -->
