<?xml version="1.0" encoding="UTF-8"?>
<!-- Generated by org.testng.reporters.JUnitReportReporter -->
<testsuite hostname="ININTDT115547" name="com.selenium.annotations.Parameterization" tests="2" failures="0" timestamp="17 Apr 2017 08:58:52 GMT" time="0.015" errors="0">
  <testcase name="testMailSending" time="0.015" classname="com.selenium.annotations.Parameterization"/>
  <testcase name="testMailSending" time="0.000" classname="com.selenium.annotations.Parameterization"/>
</testsuite>
