<?xml version="1.0" encoding="UTF-8"?>
<!-- Generated by org.testng.reporters.JUnitReportReporter -->
<testsuite skipped="0" hostname="ININTDT115547" name="com.selenium.DragAndDrop" tests="1" failures="0" timestamp="17 Apr 2017 13:30:59 GMT" time="1.557" errors="0">
  <testcase name="start1" time="1.557" classname="com.selenium.DragAndDrop"/>
</testsuite> <!-- com.selenium.DragAndDrop -->
