<?xml version="1.0" encoding="UTF-8"?>
<!-- Generated by org.testng.reporters.JUnitReportReporter -->
<testsuite skipped="0" hostname="ININTDT115547" name="com.selenium.SampleTest" tests="1" failures="0" timestamp="17 Apr 2017 08:24:17 GMT" time="0.000" errors="0">
  <testcase name="sampletest" time="0.000" classname="com.selenium.SampleTest"/>
</testsuite> <!-- com.selenium.SampleTest -->
