<?xml version="1.0" encoding="UTF-8"?>
<!-- Generated by org.testng.reporters.JUnitReportReporter -->
<testsuite skipped="0" hostname="ININTDT115547" name="com.selenium.CrossBrowsers" tests="2" failures="0" timestamp="17 Apr 2017 11:34:01 GMT" time="14.534" errors="0">
  <testcase name="testParameterWithXML" time="8.028" classname="com.selenium.CrossBrowsers"/>
  <testcase name="testParameterWithXML" time="6.506" classname="com.selenium.CrossBrowsers"/>
</testsuite> <!-- com.selenium.CrossBrowsers -->
